Crashlog created at 2015-09-18 10:26:05 +0530

===== MESSAGE:

TypeError: no implicit conversion of nil into String

===== COMPILATION STACK:

  (empty)

===== STACK TRACE:

  0. /Users/arvindsv/.rvm/rubies/ruby-2.0.0-p643/lib/ruby/2.0.0/time.rb:325:in `_parse'
  1. /Users/arvindsv/.rvm/rubies/ruby-2.0.0-p643/lib/ruby/2.0.0/time.rb:325:in `parse'
  2. lib/geek_helper.rb:4:in `start_date'
  3. ./Rules:28:in `block in load'
  4. /Users/arvindsv/.rvm/gems/ruby-2.0.0-p643@geeknight/gems/nanoc-3.6.5/lib/nanoc/base/compilation/rule.rb:68:in `instance_eval'
  5. /Users/arvindsv/.rvm/gems/ruby-2.0.0-p643@geeknight/gems/nanoc-3.6.5/lib/nanoc/base/compilation/rule.rb:68:in `apply_to'
  6. /Users/arvindsv/.rvm/gems/ruby-2.0.0-p643@geeknight/gems/nanoc-3.6.5/lib/nanoc/base/compilation/rules_collection.rb:177:in `new_rule_memory_for_rep'
  7. /Users/arvindsv/.rvm/gems/ruby-2.0.0-p643@geeknight/gems/nanoc-3.6.5/lib/nanoc/base/memoization.rb:56:in `block in memoize'
  8. /Users/arvindsv/.rvm/gems/ruby-2.0.0-p643@geeknight/gems/nanoc-3.6.5/lib/nanoc/base/compilation/rule_memory_calculator.rb:26:in `[]'
  9. /Users/arvindsv/.rvm/gems/ruby-2.0.0-p643@geeknight/gems/nanoc-3.6.5/lib/nanoc/base/memoization.rb:56:in `block in memoize'
  10. /Users/arvindsv/.rvm/gems/ruby-2.0.0-p643@geeknight/gems/nanoc-3.6.5/lib/nanoc/base/compilation/rules_collection.rb:225:in `rule_memory_differs_for'
  11. /Users/arvindsv/.rvm/gems/ruby-2.0.0-p643@geeknight/gems/nanoc-3.6.5/lib/nanoc/base/memoization.rb:56:in `block in memoize'
  12. /Users/arvindsv/.rvm/gems/ruby-2.0.0-p643@geeknight/gems/nanoc-3.6.5/lib/nanoc/base/compilation/outdatedness_checker.rb:170:in `rule_memory_differs_for'
  13. /Users/arvindsv/.rvm/gems/ruby-2.0.0-p643@geeknight/gems/nanoc-3.6.5/lib/nanoc/base/memoization.rb:56:in `block in memoize'
  14. /Users/arvindsv/.rvm/gems/ruby-2.0.0-p643@geeknight/gems/nanoc-3.6.5/lib/nanoc/base/compilation/outdatedness_checker.rb:89:in `basic_outdatedness_reason_for'
  15. /Users/arvindsv/.rvm/gems/ruby-2.0.0-p643@geeknight/gems/nanoc-3.6.5/lib/nanoc/base/memoization.rb:56:in `block in memoize'
  16. /Users/arvindsv/.rvm/gems/ruby-2.0.0-p643@geeknight/gems/nanoc-3.6.5/lib/nanoc/base/compilation/outdatedness_checker.rb:109:in `block in basic_outdatedness_reason_for'
  17. /Users/arvindsv/.rvm/gems/ruby-2.0.0-p643@geeknight/gems/nanoc-3.6.5/lib/nanoc/base/compilation/outdatedness_checker.rb:109:in `each'
  18. /Users/arvindsv/.rvm/gems/ruby-2.0.0-p643@geeknight/gems/nanoc-3.6.5/lib/nanoc/base/compilation/outdatedness_checker.rb:109:in `find'
  19. /Users/arvindsv/.rvm/gems/ruby-2.0.0-p643@geeknight/gems/nanoc-3.6.5/lib/nanoc/base/compilation/outdatedness_checker.rb:109:in `basic_outdatedness_reason_for'
  20. /Users/arvindsv/.rvm/gems/ruby-2.0.0-p643@geeknight/gems/nanoc-3.6.5/lib/nanoc/base/memoization.rb:56:in `block in memoize'
  21. /Users/arvindsv/.rvm/gems/ruby-2.0.0-p643@geeknight/gems/nanoc-3.6.5/lib/nanoc/base/compilation/outdatedness_checker.rb:72:in `basic_outdated?'
  22. /Users/arvindsv/.rvm/gems/ruby-2.0.0-p643@geeknight/gems/nanoc-3.6.5/lib/nanoc/base/compilation/outdatedness_checker.rb:154:in `block in outdated_due_to_dependencies?'
  23. /Users/arvindsv/.rvm/gems/ruby-2.0.0-p643@geeknight/gems/nanoc-3.6.5/lib/nanoc/base/compilation/outdatedness_checker.rb:153:in `each'
  24. /Users/arvindsv/.rvm/gems/ruby-2.0.0-p643@geeknight/gems/nanoc-3.6.5/lib/nanoc/base/compilation/outdatedness_checker.rb:153:in `any?'
  25. /Users/arvindsv/.rvm/gems/ruby-2.0.0-p643@geeknight/gems/nanoc-3.6.5/lib/nanoc/base/compilation/outdatedness_checker.rb:153:in `outdated_due_to_dependencies?'
  26. /Users/arvindsv/.rvm/gems/ruby-2.0.0-p643@geeknight/gems/nanoc-3.6.5/lib/nanoc/base/compilation/outdatedness_checker.rb:53:in `outdatedness_reason_for'
  27. /Users/arvindsv/.rvm/gems/ruby-2.0.0-p643@geeknight/gems/nanoc-3.6.5/lib/nanoc/base/memoization.rb:56:in `block in memoize'
  28. /Users/arvindsv/.rvm/gems/ruby-2.0.0-p643@geeknight/gems/nanoc-3.6.5/lib/nanoc/base/compilation/outdatedness_checker.rb:41:in `outdated?'
  29. /Users/arvindsv/.rvm/gems/ruby-2.0.0-p643@geeknight/gems/nanoc-3.6.5/lib/nanoc/base/compilation/compiler.rb:410:in `block (2 levels) in forget_dependencies_if_outdated'
  30. /Users/arvindsv/.rvm/gems/ruby-2.0.0-p643@geeknight/gems/nanoc-3.6.5/lib/nanoc/base/compilation/compiler.rb:410:in `each'
  31. /Users/arvindsv/.rvm/gems/ruby-2.0.0-p643@geeknight/gems/nanoc-3.6.5/lib/nanoc/base/compilation/compiler.rb:410:in `any?'
  32. /Users/arvindsv/.rvm/gems/ruby-2.0.0-p643@geeknight/gems/nanoc-3.6.5/lib/nanoc/base/compilation/compiler.rb:410:in `block in forget_dependencies_if_outdated'
  33. /Users/arvindsv/.rvm/gems/ruby-2.0.0-p643@geeknight/gems/nanoc-3.6.5/lib/nanoc/base/compilation/compiler.rb:409:in `forget_dependencies_if_outdated'
  34. /Users/arvindsv/.rvm/gems/ruby-2.0.0-p643@geeknight/gems/nanoc-3.6.5/lib/nanoc/base/compilation/compiler.rb:86:in `run'
  35. /Users/arvindsv/.rvm/gems/ruby-2.0.0-p643@geeknight/gems/nanoc-3.6.5/lib/nanoc/base/source_data/site.rb:58:in `compile'
  36. /Users/arvindsv/.rvm/gems/ruby-2.0.0-p643@geeknight/gems/nanoc-3.6.5/lib/nanoc/cli/commands/compile.rb:363:in `block in run'
  37. /Users/arvindsv/.rvm/gems/ruby-2.0.0-p643@geeknight/gems/nanoc-3.6.5/lib/nanoc/cli/commands/compile.rb:404:in `run_listeners_while'
  38. /Users/arvindsv/.rvm/gems/ruby-2.0.0-p643@geeknight/gems/nanoc-3.6.5/lib/nanoc/cli/commands/compile.rb:362:in `run'
  39. /Users/arvindsv/.rvm/gems/ruby-2.0.0-p643@geeknight/gems/nanoc-3.6.5/lib/nanoc/cli/command_runner.rb:14:in `block in call'
  40. /Users/arvindsv/.rvm/gems/ruby-2.0.0-p643@geeknight/gems/nanoc-3.6.5/lib/nanoc/cli/error_handler.rb:70:in `handle_while'
  41. /Users/arvindsv/.rvm/gems/ruby-2.0.0-p643@geeknight/gems/nanoc-3.6.5/lib/nanoc/cli/error_handler.rb:26:in `handle_while'
  42. /Users/arvindsv/.rvm/gems/ruby-2.0.0-p643@geeknight/gems/nanoc-3.6.5/lib/nanoc/cli/command_runner.rb:13:in `call'
  43. /Users/arvindsv/.rvm/gems/ruby-2.0.0-p643@geeknight/gems/cri-2.4.0/lib/cri/command_dsl.rb:185:in `block in runner'
  44. /Users/arvindsv/.rvm/gems/ruby-2.0.0-p643@geeknight/gems/cri-2.4.0/lib/cri/command.rb:296:in `call'
  45. /Users/arvindsv/.rvm/gems/ruby-2.0.0-p643@geeknight/gems/cri-2.4.0/lib/cri/command.rb:296:in `run_this'
  46. /Users/arvindsv/.rvm/gems/ruby-2.0.0-p643@geeknight/gems/cri-2.4.0/lib/cri/command.rb:249:in `run'
  47. /Users/arvindsv/.rvm/gems/ruby-2.0.0-p643@geeknight/gems/nanoc-3.6.5/lib/nanoc/cli/commands/nanoc.rb:39:in `block in define'
  48. /Users/arvindsv/.rvm/gems/ruby-2.0.0-p643@geeknight/gems/cri-2.4.0/lib/cri/command.rb:296:in `call'
  49. /Users/arvindsv/.rvm/gems/ruby-2.0.0-p643@geeknight/gems/cri-2.4.0/lib/cri/command.rb:296:in `run_this'
  50. /Users/arvindsv/.rvm/gems/ruby-2.0.0-p643@geeknight/gems/cri-2.4.0/lib/cri/command.rb:249:in `run'
  51. /Users/arvindsv/.rvm/gems/ruby-2.0.0-p643@geeknight/gems/nanoc-3.6.5/lib/nanoc/cli.rb:52:in `block in run'
  52. /Users/arvindsv/.rvm/gems/ruby-2.0.0-p643@geeknight/gems/nanoc-3.6.5/lib/nanoc/cli/error_handler.rb:70:in `handle_while'
  53. /Users/arvindsv/.rvm/gems/ruby-2.0.0-p643@geeknight/gems/nanoc-3.6.5/lib/nanoc/cli/error_handler.rb:26:in `handle_while'
  54. /Users/arvindsv/.rvm/gems/ruby-2.0.0-p643@geeknight/gems/nanoc-3.6.5/lib/nanoc/cli.rb:50:in `run'
  55. /Users/arvindsv/.rvm/gems/ruby-2.0.0-p643@geeknight/gems/nanoc-3.6.5/bin/nanoc:19:in `<top (required)>'
  56. /Users/arvindsv/.rvm/gems/ruby-2.0.0-p643@geeknight/bin/nanoc:23:in `load'
  57. /Users/arvindsv/.rvm/gems/ruby-2.0.0-p643@geeknight/bin/nanoc:23:in `<main>'
  58. /Users/arvindsv/.rvm/gems/ruby-2.0.0-p643@geeknight/bin/ruby_executable_hooks:15:in `eval'
  ... 61 more lines omitted. See full crash log for details.

===== VERSION INFORMATION:

nanoc 3.6.5 © 2007-2013 Denis Defreyne.
Running ruby 2.0.0 (2015-02-25) on x86_64-darwin14.1.0 with RubyGems 2.4.6.

===== SYSTEM INFORMATION:

Darwin INARVIND.local 14.1.0 Darwin Kernel Version 14.1.0: Mon Dec 22 23:10:38 PST 2014; root:xnu-2782.10.72~2/RELEASE_X86_64 x86_64

===== INSTALLED GEMS:

  activesupport 4.0.0
  adsf 1.1.1
  atomic 1.1.14
  bourbon 3.2.3
  bundler 1.10.6
  coderay 1.0.9
  colored 1.2
  cri 2.4.0
  ffi 1.9.0
  formatador 0.2.4
  guard 1.8.3
  guard-nanoc 1.0.1
  i18n 0.6.5
  listen 1.3.1
  lumberjack 1.0.4
  method_source 0.8.2
  minitest 4.7.5
  multi_json 1.8.1
  nanoc 3.6.5
  pry 0.9.12.2
  rack 1.5.2
  rb-fsevent 0.9.3
  rb-inotify 0.9.2
  rb-kqueue 0.2.0
  sass 3.2.12
  slop 3.4.6
  terminal-notifier-guard 1.5.3
  thor 0.18.1
  thread_safe 0.1.3
  tzinfo 0.3.38

===== ENVIRONMENT:

Apple_PubSub_Socket_Render => "/private/tmp/com.apple.launchd.6VMztPOkGC/Render"
BUNDLE_BIN_PATH => "/Users/arvindsv/.rvm/gems/ruby-2.0.0-p643@geeknight/gems/bundler-1.10.6/bin/bundle"
BUNDLE_GEMFILE => "/Users/arvindsv/Documents/workspace/vodqa-app/VODQA-Chennai/Gemfile"
COLORFGBG => "7;0"
GEM_HOME => "/Users/arvindsv/.rvm/gems/ruby-2.0.0-p643@geeknight"
GEM_PATH => "/Users/arvindsv/.rvm/gems/ruby-2.0.0-p643@geeknight:/Users/arvindsv/.rvm/gems/ruby-2.0.0-p643@global"
HOME => "/Users/arvindsv"
IRBRC => "/Users/arvindsv/.rvm/rubies/ruby-2.0.0-p643/.irbrc"
ITERM_PROFILE => "Default"
ITERM_SESSION_ID => "w0t0p0"
JAVA_HOME => "/Library/Java/JavaVirtualMachines/jdk1.8.0_45.jdk/Contents/Home"
LANG => "en_US.UTF-8"
LOGNAME => "arvindsv"
MY_RUBY_HOME => "/Users/arvindsv/.rvm/rubies/ruby-2.0.0-p643"
OLDPWD => "/Users/arvindsv"
PATH => "/Users/arvindsv/.rvm/gems/ruby-2.0.0-p643@geeknight/bin:/Users/arvindsv/.rvm/gems/ruby-2.0.0-p643@global/bin:/Users/arvindsv/.rvm/rubies/ruby-2.0.0-p643/bin:/Users/arvindsv/.rvm/bin:/usr/local/bin:/usr/bin:/bin:/usr/sbin:/sbin:/Applications/apache-ant-1.8.4/bin:/usr/local/share/npm/bin"
PWD => "/Users/arvindsv/Documents/workspace/vodqa-app/VODQA-Chennai"
RUBYLIB => "/Users/arvindsv/.rvm/gems/ruby-2.0.0-p643@geeknight/gems/bundler-1.10.6/lib"
RUBYOPT => "-rbundler/setup"
RUBY_VERSION => "ruby-2.0.0-p643"
SHELL => "/bin/bash"
SHLVL => "1"
SSH_AUTH_SOCK => "/private/tmp/com.apple.launchd.rIcpEBtyD5/Listeners"
TERM => "xterm-256color"
TERM_PROGRAM => "iTerm.app"
TMPDIR => "/var/folders/nn/r26dsspx683blw4d7l52vl4c0000gp/T/"
USER => "arvindsv"
XPC_FLAGS => "0x0"
XPC_SERVICE_NAME => "0"
_ => "/Users/arvindsv/.rvm/gems/ruby-2.0.0-p643@geeknight/bin/nanoc"
_ORIGINAL_GEM_PATH => "/Users/arvindsv/.rvm/gems/ruby-2.0.0-p643@geeknight:/Users/arvindsv/.rvm/gems/ruby-2.0.0-p643@global"
__CF_USER_TEXT_ENCODING => "0x1F6:0x0:0x0"
_system_arch => "x86_64"
_system_name => "OSX"
_system_type => "Darwin"
_system_version => "10.10"
rvm_bin_path => "/Users/arvindsv/.rvm/bin"
rvm_delete_flag => "0"
rvm_path => "/Users/arvindsv/.rvm"
rvm_prefix => "/Users/arvindsv"
rvm_ruby_string => "ruby-2.0.0-p643"
rvm_version => "1.26.11 (latest)"

===== GEMFILE.LOCK:

GEM
  remote: https://rubygems.org/
  specs:
    activesupport (4.0.0)
      i18n (~> 0.6, >= 0.6.4)
      minitest (~> 4.2)
      multi_json (~> 1.3)
      thread_safe (~> 0.1)
      tzinfo (~> 0.3.37)
    adsf (1.1.1)
      rack (>= 1.0.0)
    atomic (1.1.14)
    bourbon (3.2.3)
      sass (~> 3.2)
      thor
    coderay (1.0.9)
    colored (1.2)
    cri (2.4.0)
      colored (>= 1.2)
    ffi (1.9.0)
    formatador (0.2.4)
    guard (1.8.3)
      formatador (>= 0.2.4)
      listen (~> 1.3)
      lumberjack (>= 1.0.2)
      pry (>= 0.9.10)
      thor (>= 0.14.6)
    guard-nanoc (1.0.1)
      guard (>= 1.8.0)
      nanoc (>= 3.6.3)
    i18n (0.6.5)
    listen (1.3.1)
      rb-fsevent (>= 0.9.3)
      rb-inotify (>= 0.9)
      rb-kqueue (>= 0.2)
    lumberjack (1.0.4)
    method_source (0.8.2)
    minitest (4.7.5)
    multi_json (1.8.1)
    nanoc (3.6.5)
      cri (~> 2.3)
    pry (0.9.12.2)
      coderay (~> 1.0.5)
      method_source (~> 0.8)
      slop (~> 3.4)
    rack (1.5.2)
    rb-fsevent (0.9.3)
    rb-inotify (0.9.2)
      ffi (>= 0.5.0)
    rb-kqueue (0.2.0)
      ffi (>= 0.5.0)
    sass (3.2.12)
    slop (3.4.6)
    terminal-notifier-guard (1.5.3)
    thor (0.18.1)
    thread_safe (0.1.3)
      atomic
    tzinfo (0.3.38)

PLATFORMS
  ruby

DEPENDENCIES
  activesupport (~> 4.0.0)
  adsf (~> 1.1.1)
  bourbon (~> 3.2.3)
  guard-nanoc (~> 1.0.0)
  listen (~> 1.3.1)
  multi_json (~> 1.8.0)
  nanoc (~> 3.6.5)
  sass (~> 3.2.12)
  terminal-notifier-guard (~> 1.5.3)

===== LOAD PATHS:

  0. /Users/arvindsv/.rvm/gems/ruby-2.0.0-p643@geeknight/gems/nanoc-3.6.5/lib
  1. /Users/arvindsv/.rvm/gems/ruby-2.0.0-p643@geeknight/gems/terminal-notifier-guard-1.5.3/lib
  2. /Users/arvindsv/.rvm/gems/ruby-2.0.0-p643@geeknight/gems/guard-nanoc-1.0.1/lib
  3. /Users/arvindsv/.rvm/gems/ruby-2.0.0-p643@geeknight/gems/nanoc-3.6.5/lib
  4. /Users/arvindsv/.rvm/gems/ruby-2.0.0-p643@geeknight/gems/guard-1.8.3/lib
  5. /Users/arvindsv/.rvm/gems/ruby-2.0.0-p643@geeknight/gems/pry-0.9.12.2/lib
  6. /Users/arvindsv/.rvm/gems/ruby-2.0.0-p643@geeknight/gems/slop-3.4.6/lib
  7. /Users/arvindsv/.rvm/gems/ruby-2.0.0-p643@geeknight/gems/method_source-0.8.2/lib
  8. /Users/arvindsv/.rvm/gems/ruby-2.0.0-p643@geeknight/gems/lumberjack-1.0.4/lib
  9. /Users/arvindsv/.rvm/gems/ruby-2.0.0-p643@geeknight/gems/listen-1.3.1/lib
  10. /Users/arvindsv/.rvm/gems/ruby-2.0.0-p643@geeknight/gems/rb-kqueue-0.2.0/lib
  11. /Users/arvindsv/.rvm/gems/ruby-2.0.0-p643@geeknight/gems/rb-inotify-0.9.2/lib
  12. /Users/arvindsv/.rvm/gems/ruby-2.0.0-p643@geeknight/gems/rb-fsevent-0.9.3/lib
  13. /Users/arvindsv/.rvm/gems/ruby-2.0.0-p643@geeknight/gems/formatador-0.2.4/lib
  14. /Users/arvindsv/.rvm/gems/ruby-2.0.0-p643@geeknight/gems/ffi-1.9.0/lib
  15. /Users/arvindsv/.rvm/gems/ruby-2.0.0-p643@geeknight/gems/ffi-1.9.0/ext/ffi_c
  16. /Users/arvindsv/.rvm/gems/ruby-2.0.0-p643@geeknight/extensions/x86_64-darwin-14/2.0.0-static/ffi-1.9.0
  17. /Users/arvindsv/.rvm/gems/ruby-2.0.0-p643@geeknight/gems/cri-2.4.0/lib
  18. /Users/arvindsv/.rvm/gems/ruby-2.0.0-p643@geeknight/gems/colored-1.2/lib
  19. /Users/arvindsv/.rvm/gems/ruby-2.0.0-p643@geeknight/gems/coderay-1.0.9/lib
  20. /Users/arvindsv/.rvm/gems/ruby-2.0.0-p643@geeknight/gems/bourbon-3.2.3/lib
  21. /Users/arvindsv/.rvm/gems/ruby-2.0.0-p643@geeknight/gems/thor-0.18.1/lib
  22. /Users/arvindsv/.rvm/gems/ruby-2.0.0-p643@geeknight/gems/sass-3.2.12/lib
  23. /Users/arvindsv/.rvm/gems/ruby-2.0.0-p643@geeknight/gems/adsf-1.1.1/lib
  24. /Users/arvindsv/.rvm/gems/ruby-2.0.0-p643@geeknight/gems/rack-1.5.2/lib
  25. /Users/arvindsv/.rvm/gems/ruby-2.0.0-p643@geeknight/gems/activesupport-4.0.0/lib
  26. /Users/arvindsv/.rvm/gems/ruby-2.0.0-p643@geeknight/gems/tzinfo-0.3.38/lib
  27. /Users/arvindsv/.rvm/gems/ruby-2.0.0-p643@geeknight/gems/thread_safe-0.1.3/lib
  28. /Users/arvindsv/.rvm/gems/ruby-2.0.0-p643@geeknight/gems/atomic-1.1.14/lib
  29. /Users/arvindsv/.rvm/gems/ruby-2.0.0-p643@geeknight/extensions/x86_64-darwin-14/2.0.0-static/atomic-1.1.14
  30. /Users/arvindsv/.rvm/gems/ruby-2.0.0-p643@geeknight/gems/multi_json-1.8.1/lib
  31. /Users/arvindsv/.rvm/gems/ruby-2.0.0-p643@geeknight/gems/minitest-4.7.5/lib
  32. /Users/arvindsv/.rvm/gems/ruby-2.0.0-p643@geeknight/gems/i18n-0.6.5/lib
  33. /Users/arvindsv/.rvm/gems/ruby-2.0.0-p643@geeknight/gems/bundler-1.10.6/lib
  34. /Users/arvindsv/.rvm/rubies/ruby-2.0.0-p643/lib/ruby/site_ruby/2.0.0
  35. /Users/arvindsv/.rvm/rubies/ruby-2.0.0-p643/lib/ruby/site_ruby/2.0.0/x86_64-darwin14.1.0
  36. /Users/arvindsv/.rvm/rubies/ruby-2.0.0-p643/lib/ruby/site_ruby
  37. /Users/arvindsv/.rvm/rubies/ruby-2.0.0-p643/lib/ruby/vendor_ruby/2.0.0
  38. /Users/arvindsv/.rvm/rubies/ruby-2.0.0-p643/lib/ruby/vendor_ruby/2.0.0/x86_64-darwin14.1.0
  39. /Users/arvindsv/.rvm/rubies/ruby-2.0.0-p643/lib/ruby/vendor_ruby
  40. /Users/arvindsv/.rvm/rubies/ruby-2.0.0-p643/lib/ruby/2.0.0
  41. /Users/arvindsv/.rvm/rubies/ruby-2.0.0-p643/lib/ruby/2.0.0/x86_64-darwin14.1.0
